This is pdfTeX, Version 3.1415926-2.5-1.40.14 (TeX Live 2013/Debian) (format=pdflatex 2015.1.23)  20 APR 2015 08:53
entering extended mode
 restricted \write18 enabled.
 %&-line parsing enabled.
**physicsnotes03
(./physicsnotes03.tex
LaTeX2e <2011/06/27>
Babel <3.9h> and hyphenation patterns for 2 languages loaded.
(/usr/share/texmf/tex/latex/beamer/base/beamer.cls
(/usr/share/texmf/tex/latex/beamer/base/beamerbasercs.sty
Package: beamerbasercs 2012/11/13 (rcs-revision cb16a617839f)
)
Document Class: beamer 2012/10/15 development version 3.24 A class for typesett
ing presentations (rcs-revision 24853e6b98cf)
(/usr/share/texmf/tex/latex/beamer/base/beamerbasemodes.sty
Package: beamerbasemodes 2012/04/15 (rcs-revision cc6557182d97)
\beamer@tempbox=\box26
\beamer@tempcount=\count79
\c@beamerpauses=\count80

(/usr/share/texmf/tex/latex/beamer/base/beamerbasedecode.sty
Package: beamerbasedecode 2010/05/01 (rcs-revision efa082c6111d)
\beamer@slideinframe=\count81
\beamer@minimum=\count82
)
\beamer@commentbox=\box27
\beamer@modecount=\count83
)
(/usr/share/texlive/texmf-dist/tex/generic/oberdiek/ifpdf.sty
Package: ifpdf 2011/01/30 v2.3 Provides the ifpdf switch (HO)
Package ifpdf Info: pdfTeX in PDF mode is detected.
)
\headheight=\dimen102
\headdp=\dimen103
\footheight=\dimen104
\sidebarheight=\dimen105
\beamer@tempdim=\dimen106
\beamer@finalheight=\dimen107
\beamer@animht=\dimen108
\beamer@animdp=\dimen109
\beamer@animwd=\dimen110
\beamer@leftmargin=\dimen111
\beamer@rightmargin=\dimen112
\beamer@leftsidebar=\dimen113
\beamer@rightsidebar=\dimen114
\beamer@boxsize=\dimen115
\beamer@vboxoffset=\dimen116
\beamer@descdefault=\dimen117
\beamer@descriptionwidth=\dimen118
\beamer@lastskip=\skip41
\beamer@areabox=\box28
\beamer@animcurrent=\box29
\beamer@animshowbox=\box30
\beamer@sectionbox=\box31
\beamer@logobox=\box32
\beamer@linebox=\box33
\beamer@sectioncount=\count84
\beamer@subsubsectionmax=\count85
\beamer@subsectionmax=\count86
\beamer@sectionmax=\count87
\beamer@totalheads=\count88
\beamer@headcounter=\count89
\beamer@partstartpage=\count90
\beamer@sectionstartpage=\count91
\beamer@subsectionstartpage=\count92
\beamer@animationtempa=\count93
\beamer@animationtempb=\count94
\beamer@xpos=\count95
\beamer@ypos=\count96
\beamer@showpartnumber=\count97
\beamer@currentsubsection=\count98
\beamer@coveringdepth=\count99
\beamer@sectionadjust=\count100
\beamer@tocsectionnumber=\count101

(/usr/share/texmf/tex/latex/beamer/base/beamerbaseoptions.sty
Package: beamerbaseoptions 2010/04/27 (rcs-revision 982469101dd6)

(/usr/share/texlive/texmf-dist/tex/latex/graphics/keyval.sty
Package: keyval 1999/03/16 v1.13 key=value parser (DPC)
\KV@toks@=\toks14
))
\beamer@paperwidth=\skip42
\beamer@paperheight=\skip43

(/usr/share/texlive/texmf-dist/tex/latex/geometry/geometry.sty
Package: geometry 2010/09/12 v5.6 Page Geometry

(/usr/share/texlive/texmf-dist/tex/generic/oberdiek/ifvtex.sty
Package: ifvtex 2010/03/01 v1.5 Detect VTeX and its facilities (HO)
Package ifvtex Info: VTeX not detected.
)
(/usr/share/texlive/texmf-dist/tex/generic/ifxetex/ifxetex.sty
Package: ifxetex 2010/09/12 v0.6 Provides ifxetex conditional
)
\Gm@cnth=\count102
\Gm@cntv=\count103
\c@Gm@tempcnt=\count104
\Gm@bindingoffset=\dimen119
\Gm@wd@mp=\dimen120
\Gm@odd@mp=\dimen121
\Gm@even@mp=\dimen122
\Gm@layoutwidth=\dimen123
\Gm@layoutheight=\dimen124
\Gm@layouthoffset=\dimen125
\Gm@layoutvoffset=\dimen126
\Gm@dimlist=\toks15
)
(/usr/share/texlive/texmf-dist/tex/latex/base/size11.clo
File: size11.clo 2007/10/19 v1.4h Standard LaTeX file (size option)
)
(/usr/share/texmf/tex/latex/pgf/basiclayer/pgfcore.sty
(/usr/share/texlive/texmf-dist/tex/latex/graphics/graphicx.sty
Package: graphicx 1999/02/16 v1.0f Enhanced LaTeX Graphics (DPC,SPQR)

(/usr/share/texlive/texmf-dist/tex/latex/graphics/graphics.sty
Package: graphics 2009/02/05 v1.0o Standard LaTeX Graphics (DPC,SPQR)

(/usr/share/texlive/texmf-dist/tex/latex/graphics/trig.sty
Package: trig 1999/03/16 v1.09 sin cos tan (DPC)
)
(/usr/share/texlive/texmf-dist/tex/latex/latexconfig/graphics.cfg
File: graphics.cfg 2010/04/23 v1.9 graphics configuration of TeX Live
)
Package graphics Info: Driver file: pdftex.def on input line 91.

(/usr/share/texlive/texmf-dist/tex/latex/pdftex-def/pdftex.def
File: pdftex.def 2011/05/27 v0.06d Graphics/color for pdfTeX

(/usr/share/texlive/texmf-dist/tex/generic/oberdiek/infwarerr.sty
Package: infwarerr 2010/04/08 v1.3 Providing info/warning/error messages (HO)
)
(/usr/share/texlive/texmf-dist/tex/generic/oberdiek/ltxcmds.sty
Package: ltxcmds 2011/11/09 v1.22 LaTeX kernel commands for general use (HO)
)
\Gread@gobject=\count105
))
\Gin@req@height=\dimen127
\Gin@req@width=\dimen128
)
(/usr/share/texmf/tex/latex/pgf/systemlayer/pgfsys.sty
(/usr/share/texmf/tex/latex/pgf/utilities/pgfrcs.sty
(/usr/share/texmf/tex/generic/pgf/utilities/pgfutil-common.tex
\pgfutil@everybye=\toks16
)
(/usr/share/texmf/tex/generic/pgf/utilities/pgfutil-latex.def
\pgfutil@abb=\box34

(/usr/share/texlive/texmf-dist/tex/latex/ms/everyshi.sty
Package: everyshi 2001/05/15 v3.00 EveryShipout Package (MS)
))
(/usr/share/texmf/tex/generic/pgf/utilities/pgfrcs.code.tex
Package: pgfrcs 2010/10/25 v2.10 (rcs-revision 1.24)
))
(/usr/share/texmf/tex/generic/pgf/systemlayer/pgfsys.code.tex
Package: pgfsys 2010/06/30 v2.10 (rcs-revision 1.37)

(/usr/share/texmf/tex/generic/pgf/utilities/pgfkeys.code.tex
\pgfkeys@pathtoks=\toks17
\pgfkeys@temptoks=\toks18

(/usr/share/texmf/tex/generic/pgf/utilities/pgfkeysfiltered.code.tex
\pgfkeys@tmptoks=\toks19
))
\pgf@x=\dimen129
\pgf@y=\dimen130
\pgf@xa=\dimen131
\pgf@ya=\dimen132
\pgf@xb=\dimen133
\pgf@yb=\dimen134
\pgf@xc=\dimen135
\pgf@yc=\dimen136
\w@pgf@writea=\write3
\r@pgf@reada=\read1
\c@pgf@counta=\count106
\c@pgf@countb=\count107
\c@pgf@countc=\count108
\c@pgf@countd=\count109

(/usr/share/texmf/tex/generic/pgf/systemlayer/pgf.cfg
File: pgf.cfg 2008/05/14  (rcs-revision 1.7)
)
Package pgfsys Info: Driver file for pgf: pgfsys-pdftex.def on input line 900.

(/usr/share/texmf/tex/generic/pgf/systemlayer/pgfsys-pdftex.def
File: pgfsys-pdftex.def 2009/05/22  (rcs-revision 1.26)

(/usr/share/texmf/tex/generic/pgf/systemlayer/pgfsys-common-pdf.def
File: pgfsys-common-pdf.def 2008/05/19  (rcs-revision 1.10)
)))
(/usr/share/texmf/tex/generic/pgf/systemlayer/pgfsyssoftpath.code.tex
File: pgfsyssoftpath.code.tex 2008/07/18  (rcs-revision 1.7)
\pgfsyssoftpath@smallbuffer@items=\count110
\pgfsyssoftpath@bigbuffer@items=\count111
)
(/usr/share/texmf/tex/generic/pgf/systemlayer/pgfsysprotocol.code.tex
File: pgfsysprotocol.code.tex 2006/10/16  (rcs-revision 1.4)
))
(/usr/share/texmf/tex/latex/xcolor/xcolor.sty
Package: xcolor 2007/01/21 v2.11 LaTeX color extensions (UK)

(/usr/share/texlive/texmf-dist/tex/latex/latexconfig/color.cfg
File: color.cfg 2007/01/18 v1.5 color configuration of teTeX/TeXLive
)
Package xcolor Info: Driver file: pdftex.def on input line 225.
Package xcolor Info: Model `cmy' substituted by `cmy0' on input line 1337.
Package xcolor Info: Model `hsb' substituted by `rgb' on input line 1341.
Package xcolor Info: Model `RGB' extended on input line 1353.
Package xcolor Info: Model `HTML' substituted by `rgb' on input line 1355.
Package xcolor Info: Model `Hsb' substituted by `hsb' on input line 1356.
Package xcolor Info: Model `tHsb' substituted by `hsb' on input line 1357.
Package xcolor Info: Model `HSB' substituted by `hsb' on input line 1358.
Package xcolor Info: Model `Gray' substituted by `gray' on input line 1359.
Package xcolor Info: Model `wave' substituted by `hsb' on input line 1360.
)
(/usr/share/texmf/tex/generic/pgf/basiclayer/pgfcore.code.tex
Package: pgfcore 2010/04/11 v2.10 (rcs-revision 1.7)

(/usr/share/texmf/tex/generic/pgf/math/pgfmath.code.tex
(/usr/share/texmf/tex/generic/pgf/math/pgfmathcalc.code.tex
(/usr/share/texmf/tex/generic/pgf/math/pgfmathutil.code.tex)
(/usr/share/texmf/tex/generic/pgf/math/pgfmathparser.code.tex
\pgfmath@dimen=\dimen137
\pgfmath@count=\count112
\pgfmath@box=\box35
\pgfmath@toks=\toks20
\pgfmath@stack@operand=\toks21
\pgfmath@stack@operation=\toks22
)
(/usr/share/texmf/tex/generic/pgf/math/pgfmathfunctions.code.tex
(/usr/share/texmf/tex/generic/pgf/math/pgfmathfunctions.basic.code.tex)
(/usr/share/texmf/tex/generic/pgf/math/pgfmathfunctions.trigonometric.code.tex)
(/usr/share/texmf/tex/generic/pgf/math/pgfmathfunctions.random.code.tex)
(/usr/share/texmf/tex/generic/pgf/math/pgfmathfunctions.comparison.code.tex)
(/usr/share/texmf/tex/generic/pgf/math/pgfmathfunctions.base.code.tex)
(/usr/share/texmf/tex/generic/pgf/math/pgfmathfunctions.round.code.tex)
(/usr/share/texmf/tex/generic/pgf/math/pgfmathfunctions.misc.code.tex)))
(/usr/share/texmf/tex/generic/pgf/math/pgfmathfloat.code.tex
\c@pgfmathroundto@lastzeros=\count113
))
(/usr/share/texmf/tex/generic/pgf/basiclayer/pgfcorepoints.code.tex
File: pgfcorepoints.code.tex 2010/04/09  (rcs-revision 1.20)
\pgf@picminx=\dimen138
\pgf@picmaxx=\dimen139
\pgf@picminy=\dimen140
\pgf@picmaxy=\dimen141
\pgf@pathminx=\dimen142
\pgf@pathmaxx=\dimen143
\pgf@pathminy=\dimen144
\pgf@pathmaxy=\dimen145
\pgf@xx=\dimen146
\pgf@xy=\dimen147
\pgf@yx=\dimen148
\pgf@yy=\dimen149
\pgf@zx=\dimen150
\pgf@zy=\dimen151
)
(/usr/share/texmf/tex/generic/pgf/basiclayer/pgfcorepathconstruct.code.tex
File: pgfcorepathconstruct.code.tex 2010/08/03  (rcs-revision 1.24)
\pgf@path@lastx=\dimen152
\pgf@path@lasty=\dimen153
)
(/usr/share/texmf/tex/generic/pgf/basiclayer/pgfcorepathusage.code.tex
File: pgfcorepathusage.code.tex 2008/04/22  (rcs-revision 1.12)
\pgf@shorten@end@additional=\dimen154
\pgf@shorten@start@additional=\dimen155
)
(/usr/share/texmf/tex/generic/pgf/basiclayer/pgfcorescopes.code.tex
File: pgfcorescopes.code.tex 2010/09/08  (rcs-revision 1.34)
\pgfpic=\box36
\pgf@hbox=\box37
\pgf@layerbox@main=\box38
\pgf@picture@serial@count=\count114
)
(/usr/share/texmf/tex/generic/pgf/basiclayer/pgfcoregraphicstate.code.tex
File: pgfcoregraphicstate.code.tex 2008/04/22  (rcs-revision 1.9)
\pgflinewidth=\dimen156
)
(/usr/share/texmf/tex/generic/pgf/basiclayer/pgfcoretransformations.code.tex
File: pgfcoretransformations.code.tex 2009/06/10  (rcs-revision 1.11)
\pgf@pt@x=\dimen157
\pgf@pt@y=\dimen158
\pgf@pt@temp=\dimen159
)
(/usr/share/texmf/tex/generic/pgf/basiclayer/pgfcorequick.code.tex
File: pgfcorequick.code.tex 2008/10/09  (rcs-revision 1.3)
)
(/usr/share/texmf/tex/generic/pgf/basiclayer/pgfcoreobjects.code.tex
File: pgfcoreobjects.code.tex 2006/10/11  (rcs-revision 1.2)
)
(/usr/share/texmf/tex/generic/pgf/basiclayer/pgfcorepathprocessing.code.tex
File: pgfcorepathprocessing.code.tex 2008/10/09  (rcs-revision 1.8)
)
(/usr/share/texmf/tex/generic/pgf/basiclayer/pgfcorearrows.code.tex
File: pgfcorearrows.code.tex 2008/04/23  (rcs-revision 1.11)
)
(/usr/share/texmf/tex/generic/pgf/basiclayer/pgfcoreshade.code.tex
File: pgfcoreshade.code.tex 2008/11/23  (rcs-revision 1.13)
\pgf@max=\dimen160
\pgf@sys@shading@range@num=\count115
)
(/usr/share/texmf/tex/generic/pgf/basiclayer/pgfcoreimage.code.tex
File: pgfcoreimage.code.tex 2010/03/25  (rcs-revision 1.16)

(/usr/share/texmf/tex/generic/pgf/basiclayer/pgfcoreexternal.code.tex
File: pgfcoreexternal.code.tex 2010/09/01  (rcs-revision 1.17)
\pgfexternal@startupbox=\box39
))
(/usr/share/texmf/tex/generic/pgf/basiclayer/pgfcorelayers.code.tex
File: pgfcorelayers.code.tex 2010/08/27  (rcs-revision 1.2)
)
(/usr/share/texmf/tex/generic/pgf/basiclayer/pgfcoretransparency.code.tex
File: pgfcoretransparency.code.tex 2008/01/17  (rcs-revision 1.2)
)
(/usr/share/texmf/tex/generic/pgf/basiclayer/pgfcorepatterns.code.tex
File: pgfcorepatterns.code.tex 2009/07/02  (rcs-revision 1.3)
)))
(/usr/share/texmf/tex/latex/pgf/utilities/xxcolor.sty
Package: xxcolor 2003/10/24 ver 0.1
\XC@nummixins=\count116
\XC@countmixins=\count117
)
(/usr/share/texlive/texmf-dist/tex/latex/hyperref/hyperref.sty
Package: hyperref 2012/11/06 v6.83m Hypertext links for LaTeX

(/usr/share/texlive/texmf-dist/tex/generic/oberdiek/hobsub-hyperref.sty
Package: hobsub-hyperref 2012/05/28 v1.13 Bundle oberdiek, subset hyperref (HO)


(/usr/share/texlive/texmf-dist/tex/generic/oberdiek/hobsub-generic.sty
Package: hobsub-generic 2012/05/28 v1.13 Bundle oberdiek, subset generic (HO)
Package: hobsub 2012/05/28 v1.13 Construct package bundles (HO)
Package hobsub Info: Skipping package `infwarerr' (already loaded).
Package hobsub Info: Skipping package `ltxcmds' (already loaded).
Package: ifluatex 2010/03/01 v1.3 Provides the ifluatex switch (HO)
Package ifluatex Info: LuaTeX not detected.
Package hobsub Info: Skipping package `ifvtex' (already loaded).
Package: intcalc 2007/09/27 v1.1 Expandable calculations with integers (HO)
Package hobsub Info: Skipping package `ifpdf' (already loaded).
Package: etexcmds 2011/02/16 v1.5 Avoid name clashes with e-TeX commands (HO)
Package etexcmds Info: Could not find \expanded.
(etexcmds)             That can mean that you are not using pdfTeX 1.50 or
(etexcmds)             that some package has redefined \expanded.
(etexcmds)             In the latter case, load this package earlier.
Package: kvsetkeys 2012/04/25 v1.16 Key value parser (HO)
Package: kvdefinekeys 2011/04/07 v1.3 Define keys (HO)
Package: pdftexcmds 2011/11/29 v0.20 Utility functions of pdfTeX for LuaTeX (HO
)
Package pdftexcmds Info: LuaTeX not detected.
Package pdftexcmds Info: \pdf@primitive is available.
Package pdftexcmds Info: \pdf@ifprimitive is available.
Package pdftexcmds Info: \pdfdraftmode found.
Package: pdfescape 2011/11/25 v1.13 Implements pdfTeX's escape features (HO)
Package: bigintcalc 2012/04/08 v1.3 Expandable calculations on big integers (HO
)
Package: bitset 2011/01/30 v1.1 Handle bit-vector datatype (HO)
Package: uniquecounter 2011/01/30 v1.2 Provide unlimited unique counter (HO)
)
Package hobsub Info: Skipping package `hobsub' (already loaded).
Package: letltxmacro 2010/09/02 v1.4 Let assignment for LaTeX macros (HO)
Package: hopatch 2012/05/28 v1.2 Wrapper for package hooks (HO)
Package: xcolor-patch 2011/01/30 xcolor patch
Package: atveryend 2011/06/30 v1.8 Hooks at the very end of document (HO)
Package atveryend Info: \enddocument detected (standard20110627).
Package: atbegshi 2011/10/05 v1.16 At begin shipout hook (HO)
Package: refcount 2011/10/16 v3.4 Data extraction from label references (HO)
Package: hycolor 2011/01/30 v1.7 Color options for hyperref/bookmark (HO)
)
(/usr/share/texlive/texmf-dist/tex/latex/oberdiek/auxhook.sty
Package: auxhook 2011/03/04 v1.3 Hooks for auxiliary files (HO)
)
(/usr/share/texlive/texmf-dist/tex/latex/oberdiek/kvoptions.sty
Package: kvoptions 2011/06/30 v3.11 Key value format for package options (HO)
)
\@linkdim=\dimen161
\Hy@linkcounter=\count118
\Hy@pagecounter=\count119

(/usr/share/texlive/texmf-dist/tex/latex/hyperref/pd1enc.def
File: pd1enc.def 2012/11/06 v6.83m Hyperref: PDFDocEncoding definition (HO)
)
\Hy@SavedSpaceFactor=\count120

(/usr/share/texlive/texmf-dist/tex/latex/latexconfig/hyperref.cfg
File: hyperref.cfg 2002/06/06 v1.2 hyperref configuration of TeXLive
)
Package hyperref Info: Option `bookmarks' set `true' on input line 4319.
Package hyperref Info: Option `bookmarksopen' set `true' on input line 4319.
Package hyperref Info: Option `implicit' set `false' on input line 4319.
Package hyperref Info: Hyper figures OFF on input line 4443.
Package hyperref Info: Link nesting OFF on input line 4448.
Package hyperref Info: Hyper index ON on input line 4451.
Package hyperref Info: Plain pages OFF on input line 4458.
Package hyperref Info: Backreferencing OFF on input line 4463.
Package hyperref Info: Implicit mode OFF; no redefinition of LaTeX internals.
Package hyperref Info: Bookmarks ON on input line 4688.
\c@Hy@tempcnt=\count121

(/usr/share/texlive/texmf-dist/tex/latex/url/url.sty
\Urlmuskip=\muskip10
Package: url 2013/09/16  ver 3.4  Verb mode for urls, etc.
)
LaTeX Info: Redefining \url on input line 5041.
\XeTeXLinkMargin=\dimen162
\Fld@menulength=\count122
\Field@Width=\dimen163
\Fld@charsize=\dimen164
Package hyperref Info: Hyper figures OFF on input line 6295.
Package hyperref Info: Link nesting OFF on input line 6300.
Package hyperref Info: Hyper index ON on input line 6303.
Package hyperref Info: backreferencing OFF on input line 6310.
Package hyperref Info: Link coloring OFF on input line 6315.
Package hyperref Info: Link coloring with OCG OFF on input line 6320.
Package hyperref Info: PDF/A mode OFF on input line 6325.
LaTeX Info: Redefining \ref on input line 6365.
LaTeX Info: Redefining \pageref on input line 6369.
\Hy@abspage=\count123


Package hyperref Message: Stopped early.

)

Package hyperref Message: Driver (autodetected): hpdftex.

(/usr/share/texlive/texmf-dist/tex/latex/hyperref/hpdftex.def
File: hpdftex.def 2012/11/06 v6.83m Hyperref driver for pdfTeX
\Fld@listcount=\count124
\c@bookmark@seq@number=\count125

(/usr/share/texlive/texmf-dist/tex/latex/oberdiek/rerunfilecheck.sty
Package: rerunfilecheck 2011/04/15 v1.7 Rerun checks for auxiliary files (HO)
Package uniquecounter Info: New unique counter `rerunfilecheck' on input line 2
82.
))
(/usr/share/texmf/tex/latex/beamer/base/beamerbaserequires.sty
Package: beamerbaserequires 2010/05/01  (rcs-revision efa082c6111d)

(/usr/share/texmf/tex/latex/beamer/base/beamerbasecompatibility.sty
Package: beamerbasecompatibility 2012/05/01  (rcs-revision 67c48b3b652d)
)
(/usr/share/texmf/tex/latex/beamer/base/beamerbasefont.sty
Package: beamerbasefont 2012/09/19  (rcs-revision 733629cd0c6c)

(/usr/share/texlive/texmf-dist/tex/latex/amsfonts/amssymb.sty
Package: amssymb 2013/01/14 v3.01 AMS font symbols

(/usr/share/texlive/texmf-dist/tex/latex/amsfonts/amsfonts.sty
Package: amsfonts 2013/01/14 v3.01 Basic AMSFonts support
\@emptytoks=\toks23
\symAMSa=\mathgroup4
\symAMSb=\mathgroup5
LaTeX Font Info:    Overwriting math alphabet `\mathfrak' in version `bold'
(Font)                  U/euf/m/n --> U/euf/b/n on input line 106.
)))
(/usr/share/texmf/tex/latex/beamer/base/beamerbasetranslator.sty
Package: beamerbasetranslator 2010/06/11  (rcs-revision 85fd1cc7fc42)

(/usr/share/texmf/tex/latex/beamer/base/translator/translator.sty
Package: translator 2010/06/12 ver 1.10

(/usr/share/texmf/tex/latex/beamer/base/translator/translator-language-mappings
.tex))) (/usr/share/texmf/tex/latex/beamer/base/beamerbasemisc.sty
Package: beamerbasemisc 2012/02/24  (rcs-revision 2ff5461be705)
)
(/usr/share/texmf/tex/latex/beamer/base/beamerbasetwoscreens.sty
Package: beamerbasetwoscreens 2010/05/01  (rcs-revision efa082c6111d)
)
(/usr/share/texmf/tex/latex/beamer/base/beamerbaseoverlay.sty
Package: beamerbaseoverlay 2012/11/11  (rcs-revision 6afbc49b1109)
\beamer@argscount=\count126
\beamer@lastskipcover=\skip44
\beamer@trivlistdepth=\count127
)
(/usr/share/texmf/tex/latex/beamer/base/beamerbasetitle.sty
Package: beamerbasetitle 2010/09/21  (rcs-revision f0446ed0b6ae)
)
(/usr/share/texmf/tex/latex/beamer/base/beamerbasesection.sty
Package: beamerbasesection 2012/11/11  (rcs-revision 0056eef6f17f)
\c@lecture=\count128
\c@part=\count129
\c@section=\count130
\c@subsection=\count131
\c@subsubsection=\count132
)
(/usr/share/texmf/tex/latex/beamer/base/beamerbaseframe.sty
Package: beamerbaseframe 2012/09/13  (rcs-revision dcd846607320)
\beamer@framebox=\box40
\beamer@frametitlebox=\box41
\beamer@zoombox=\box42
\beamer@zoomcount=\count133
\beamer@zoomframecount=\count134
\beamer@frametextheight=\dimen165
\c@subsectionslide=\count135
\beamer@frametopskip=\skip45
\beamer@framebottomskip=\skip46
\beamer@frametopskipautobreak=\skip47
\beamer@framebottomskipautobreak=\skip48
\beamer@envbody=\toks24
\framewidth=\dimen166
\c@framenumber=\count136
)
(/usr/share/texmf/tex/latex/beamer/base/beamerbaseverbatim.sty
Package: beamerbaseverbatim 2012/08/30  (rcs-revision dfdb135076b3)
\beamer@verbatimfileout=\write4
)
(/usr/share/texmf/tex/latex/beamer/base/beamerbaseframesize.sty
Package: beamerbaseframesize 2011/09/12  (rcs-revision 70f9d8411e54)
\beamer@splitbox=\box43
\beamer@autobreakcount=\count137
\beamer@autobreaklastheight=\dimen167
\beamer@frametitletoks=\toks25
\beamer@framesubtitletoks=\toks26
)
(/usr/share/texmf/tex/latex/beamer/base/beamerbaseframecomponents.sty
Package: beamerbaseframecomponents 2012/09/13  (rcs-revision dcd846607320)
\beamer@footins=\box44
)
(/usr/share/texmf/tex/latex/beamer/base/beamerbasecolor.sty
Package: beamerbasecolor 2010/06/06  (rcs-revision d1a9b48be06d)
)
(/usr/share/texmf/tex/latex/beamer/base/beamerbasenotes.sty
Package: beamerbasenotes 2010/05/01  (rcs-revision efa082c6111d)
\beamer@frameboxcopy=\box45
)
(/usr/share/texmf/tex/latex/beamer/base/beamerbasetoc.sty
Package: beamerbasetoc 2012/10/02  (rcs-revision 5ed0f4010e8a)
)
(/usr/share/texmf/tex/latex/beamer/base/beamerbasetemplates.sty
Package: beamerbasetemplates 2010/05/01  (rcs-revision efa082c6111d)
\beamer@sbttoks=\toks27

(/usr/share/texmf/tex/latex/beamer/base/beamerbaseauxtemplates.sty
Package: beamerbaseauxtemplates 2012/05/01  (rcs-revision 67c48b3b652d)

(/usr/share/texmf/tex/latex/beamer/base/beamerbaseboxes.sty
Package: beamerbaseboxes 2012/05/13  (rcs-revision 56972908a390)
\bmb@box=\box46
\bmb@colorbox=\box47
\bmb@boxshadow=\box48
\bmb@boxshadowball=\box49
\bmb@boxshadowballlarge=\box50
\bmb@temp=\dimen168
\bmb@dima=\dimen169
\bmb@dimb=\dimen170
\bmb@prevheight=\dimen171
)
\beamer@blockheadheight=\dimen172
))
(/usr/share/texmf/tex/latex/beamer/base/beamerbaselocalstructure.sty
Package: beamerbaselocalstructure 2012/11/13  (rcs-revision ddfba79dac19)

(/usr/share/texlive/texmf-dist/tex/latex/tools/enumerate.sty
Package: enumerate 1999/03/05 v3.00 enumerate extensions (DPC)
\@enLab=\toks28
)
\c@figure=\count138
\c@table=\count139
\abovecaptionskip=\skip49
\belowcaptionskip=\skip50
)
(/usr/share/texmf/tex/latex/beamer/base/beamerbasenavigation.sty
Package: beamerbasenavigation 2012/04/03  (rcs-revision 42a0f21a412d)
\beamer@section@min@dim=\dimen173
)
(/usr/share/texmf/tex/latex/beamer/base/beamerbasetheorems.sty
Package: beamerbasetheorems 2010/06/06  (rcs-revision 7e7cc5e53e9d)

(/usr/share/texlive/texmf-dist/tex/latex/amsmath/amsmath.sty
Package: amsmath 2013/01/14 v2.14 AMS math features
\@mathmargin=\skip51

For additional information on amsmath, use the `?' option.
(/usr/share/texlive/texmf-dist/tex/latex/amsmath/amstext.sty
Package: amstext 2000/06/29 v2.01

(/usr/share/texlive/texmf-dist/tex/latex/amsmath/amsgen.sty
File: amsgen.sty 1999/11/30 v2.0
\@emptytoks=\toks29
\ex@=\dimen174
))
(/usr/share/texlive/texmf-dist/tex/latex/amsmath/amsbsy.sty
Package: amsbsy 1999/11/29 v1.2d
\pmbraise@=\dimen175
)
(/usr/share/texlive/texmf-dist/tex/latex/amsmath/amsopn.sty
Package: amsopn 1999/12/14 v2.01 operator names
)
\inf@bad=\count140
LaTeX Info: Redefining \frac on input line 210.
\uproot@=\count141
\leftroot@=\count142
LaTeX Info: Redefining \overline on input line 306.
\classnum@=\count143
\DOTSCASE@=\count144
LaTeX Info: Redefining \ldots on input line 378.
LaTeX Info: Redefining \dots on input line 381.
LaTeX Info: Redefining \cdots on input line 466.
\Mathstrutbox@=\box51
\strutbox@=\box52
\big@size=\dimen176
LaTeX Font Info:    Redeclaring font encoding OML on input line 566.
LaTeX Font Info:    Redeclaring font encoding OMS on input line 567.
\macc@depth=\count145
\c@MaxMatrixCols=\count146
\dotsspace@=\muskip11
\c@parentequation=\count147
\dspbrk@lvl=\count148
\tag@help=\toks30
\row@=\count149
\column@=\count150
\maxfields@=\count151
\andhelp@=\toks31
\eqnshift@=\dimen177
\alignsep@=\dimen178
\tagshift@=\dimen179
\tagwidth@=\dimen180
\totwidth@=\dimen181
\lineht@=\dimen182
\@envbody=\toks32
\multlinegap=\skip52
\multlinetaggap=\skip53
\mathdisplay@stack=\toks33
LaTeX Info: Redefining \[ on input line 2665.
LaTeX Info: Redefining \] on input line 2666.
)
(/usr/share/texlive/texmf-dist/tex/latex/amscls/amsthm.sty
Package: amsthm 2004/08/06 v2.20
\thm@style=\toks34
\thm@bodyfont=\toks35
\thm@headfont=\toks36
\thm@notefont=\toks37
\thm@headpunct=\toks38
\thm@preskip=\skip54
\thm@postskip=\skip55
\thm@headsep=\skip56
\dth@everypar=\toks39
)
\c@theorem=\count152
)
(/usr/share/texmf/tex/latex/beamer/base/beamerbasethemes.sty
Package: beamerbasethemes 2010/05/01  (rcs-revision efa082c6111d)
))
(/usr/share/texmf/tex/latex/beamer/base/themes/theme/beamerthemedefault.sty
Package: beamerthemedefault 2010/06/17  (rcs-revision d02a7cf4d8ae)

(/usr/share/texmf/tex/latex/beamer/base/themes/font/beamerfontthemedefault.sty
Package: beamerfontthemedefault 2010/06/17  (rcs-revision d02a7cf4d8ae)
)
(/usr/share/texmf/tex/latex/beamer/base/themes/color/beamercolorthemedefault.st
y
Package: beamercolorthemedefault 2010/06/17  (rcs-revision d02a7cf4d8ae)
)
(/usr/share/texmf/tex/latex/beamer/base/themes/inner/beamerinnerthemedefault.st
y
Package: beamerinnerthemedefault 2012/05/01  (rcs-revision 67c48b3b652d)
\beamer@dima=\dimen183
\beamer@dimb=\dimen184
)
(/usr/share/texmf/tex/latex/beamer/base/themes/outer/beamerouterthemedefault.st
y
Package: beamerouterthemedefault 2012/10/02  (rcs-revision 5ed0f4010e8a)
))) (/usr/share/texlive/texmf-dist/tex/latex/etex-pkg/etex.sty
Package: etex 1998/03/26 v2.0 eTeX basic definition package (PEB)
\et@xins=\count153
)
(/usr/share/texmf/tex/latex/beamer/base/themes/theme/beamerthemeSingapore.sty
Package: beamerthemeSingapore 2010/06/17  (rcs-revision d02a7cf4d8ae)

(/usr/share/texmf/tex/latex/beamer/base/themes/outer/beamerouterthememiniframes
.sty
Package: beamerouterthememiniframes 2010/06/17  (rcs-revision d02a7cf4d8ae)
)) (/usr/share/texlive/texmf-dist/tex/latex/fp/fp-eval.sty
Package: fp-eval 1995/04/03

`Fixed Point Calculator',        Version 0.9a (C) Michael Mehlich             
(/usr/share/texlive/texmf-dist/tex/latex/fp/defpattern.sty
Package: defpattern 1994/10/12

`\defpattern-macro (adapted from \howto (A. Jeffrey: TeX and TUG NEWS 2(2)))'
\actioncount=\count154
)
(/usr/share/texlive/texmf-dist/tex/latex/fp/fp-upn.sty
Package: fp-upn 1996/10/21

`UPN Fixed Point Calculator',    Version 2.1c (C) Michael Mehlich             
(/usr/share/texlive/texmf-dist/tex/latex/fp/fp.sty
Package: fp 1995/04/02

`Fixed Point Package', Version 0.8, April 2, 1995 (C) Michael Mehlich
(/usr/share/texlive/texmf-dist/tex/latex/fp/fp-basic.sty
Package: fp-basic 1996/05/13
\FP@xs=\count155
\FP@xia=\count156
\FP@xib=\count157
\FP@xfa=\count158
\FP@xfb=\count159
\FP@rega=\count160
\FP@regb=\count161
\FP@regs=\count162
\FP@times=\count163
)
(/usr/share/texlive/texmf-dist/tex/latex/fp/fp-addons.sty
Package: fp-addons 1995/03/15
)
(/usr/share/texlive/texmf-dist/tex/latex/fp/fp-snap.sty
Package: fp-snap 1995/04/05
)
(/usr/share/texlive/texmf-dist/tex/latex/fp/fp-exp.sty
Package: fp-exp 1995/04/03
)
(/usr/share/texlive/texmf-dist/tex/latex/fp/fp-trigo.sty
Package: fp-trigo 1995/04/14
)
(/usr/share/texlive/texmf-dist/tex/latex/fp/fp-pas.sty
Package: fp-pas 1994/08/29
)
(/usr/share/texlive/texmf-dist/tex/latex/fp/fp-random.sty
Package: fp-random 1995/02/23
\FPseed=\count164
)
(/usr/share/texlive/texmf-dist/tex/latex/fp/fp-eqn.sty
Package: fp-eqn 1995/04/03
))))
(/usr/share/texlive/texmf-dist/tex/latex/fancyvrb/fancyvrb.sty
Package: fancyvrb 2008/02/07

Style option: `fancyvrb' v2.7a, with DG/SPQR fixes, and firstline=lastline fix 
<2008/02/07> (tvz)
\FV@CodeLineNo=\count165
\FV@InFile=\read2
\FV@TabBox=\box53
\c@FancyVerbLine=\count166
\FV@StepNumber=\count167
\FV@OutFile=\write5
) (/usr/share/texlive/texmf-dist/tex/latex/tools/multicol.sty
Package: multicol 2011/06/27 v1.7a multicolumn formatting (FMi)
\c@tracingmulticols=\count168
\mult@box=\box54
\multicol@leftmargin=\dimen185
\c@unbalance=\count169
\c@collectmore=\count170
\doublecol@number=\count171
\multicoltolerance=\count172
\multicolpretolerance=\count173
\full@width=\dimen186
\page@free=\dimen187
\premulticols=\dimen188
\postmulticols=\dimen189
\multicolsep=\skip57
\multicolbaselineskip=\skip58
\partial@page=\box55
\last@line=\box56
\mult@rightbox=\box57
\mult@grightbox=\box58
\mult@gfirstbox=\box59
\mult@firstbox=\box60
\@tempa=\box61
\@tempa=\box62
\@tempa=\box63
\@tempa=\box64
\@tempa=\box65
\@tempa=\box66
\@tempa=\box67
\@tempa=\box68
\@tempa=\box69
\@tempa=\box70
\@tempa=\box71
\@tempa=\box72
\@tempa=\box73
\@tempa=\box74
\@tempa=\box75
\@tempa=\box76
\@tempa=\box77
\c@columnbadness=\count174
\c@finalcolumnbadness=\count175
\last@try=\dimen190
\multicolovershoot=\dimen191
\multicolundershoot=\dimen192
\mult@nat@firstbox=\box78
\colbreak@box=\box79
\multicol@sort@counter=\count176
) (/usr/share/texlive/texmf-dist/tex/latex/pstricks/pstricks.sty
Package: pstricks 2013/12/12 v0.60 LaTeX wrapper for `PSTricks' (RN,HV)

(/usr/share/texlive/texmf-dist/tex/generic/pstricks/pstricks.tex
(/usr/share/texlive/texmf-dist/tex/generic/xkeyval/pst-xkey.tex
File: pst-xkey.tex 2005/11/25 v1.6 PSTricks specialization of xkeyval (HA)

(/usr/share/texlive/texmf-dist/tex/latex/xkeyval/xkeyval.sty
Package: xkeyval 2012/10/14 v2.6b package option processing (HA)

(/usr/share/texlive/texmf-dist/tex/generic/xkeyval/xkeyval.tex
\XKV@toks=\toks40
\XKV@tempa@toks=\toks41
\XKV@depth=\count177
File: xkeyval.tex 2012/10/14 v2.6b key=value parser (HA)
)))
(/usr/share/texlive/texmf-dist/tex/generic/pstricks/pst-fp.tex
`pst-fp' v0.05, 2010/01/17 (hv)
\pstFP@xs=\count178
\pstFP@xia=\count179
\pstFP@xib=\count180
\pstFP@xfa=\count181
\pstFP@xfb=\count182
\pstFP@rega=\count183
\pstFP@regb=\count184
\pstFP@regs=\count185
\pstFP@times=\count186
)
(/usr/share/texmf/tex/generic/pgf/utilities/pgfutil-common.tex
\pgfutil@everybye=\toks42
)
(/usr/share/texmf/tex/generic/pgf/utilities/pgfkeys.code.tex)
(/usr/share/texmf/tex/generic/pgf/utilities/pgffor.code.tex
\pgffor@iter=\dimen193
\pgffor@skip=\dimen194
\pgffor@stack=\toks43
\pgffor@toks=\toks44
)
\psLoopIndex=\count187

`PSTricks' v2.51  <2014/02/03> (tvz)
\pst@dima=\dimen195
\pst@dimb=\dimen196
\pst@dimc=\dimen197
\pst@dimd=\dimen198
\pst@dimg=\dimen199
\pst@dimh=\dimen200
\pst@dimm=\dimen201
\pst@dimn=\dimen202
\pst@dimo=\dimen203
\pst@dimp=\dimen204
\pst@hbox=\box80
\pst@ibox=\box81
\pst@boxg=\box82
\pst@cnta=\count188
\pst@cntb=\count189
\pst@cntc=\count190
\pst@cntd=\count191
\pst@cntg=\count192
\pst@cnth=\count193
\pst@cntm=\count194
\pst@cntn=\count195
\pst@cnto=\count196
\pst@cntp=\count197
\@zero=\count198
\pst@toks=\toks45
(/usr/share/texlive/texmf-dist/tex/generic/pstricks/pstricks.con)
\psunit=\dimen205
\psxunit=\dimen206
\psyunit=\dimen207
\pst@C@@rType=\count199
\pslinewidth=\dimen208
\psk@startLW=\dimen209
\psk@endLW=\dimen210
\pst@customdefs=\toks46
\pslinearc=\dimen211
\pst@symbolStep=\dimen212
\pst@symbolWidth=\dimen213
\pst@symbolLinewidth=\dimen214
\everypsbox=\toks47
\psframesep=\dimen215
\pslabelsep=\dimen216
\sh@wgridXunit=\dimen217
\sh@wgridYunit=\dimen218
\pst@shift=\dimen219
)
File: pstricks.tex 2014/02/03 v2.51 `PSTricks' (tvz,hv)

(/usr/share/texlive/texmf-dist/tex/generic/pstricks/pst-fp.tex)
File: pst-fp.tex 2014/02/03 v2.51 `PST-fp' (hv)
)
(/usr/share/texlive/texmf-dist/tex/latex/pst-node/pst-node.sty
Package: pst-node 2012/09/18 v1.01 LaTeX wrapper for `pst-node' (HV)
Package: pst-node 2010/04/22 package wrapper for pst-node.tex

(/usr/share/texlive/texmf-dist/tex/generic/pst-node/pst-node.tex
 v1.32, 2014/02/03
\psrow=\count200
\pscol=\count201
\psmatrixcnt=\count202
\psrowsep=\skip59
\pscolsep=\skip60
\pst@args=\count203
\num@pts=\count204
\pst@argcnt=\count205
)
File: pst-node.tex 2014/02/03 1.32 `pst-node' (tvz,hv)
)
(/usr/share/texlive/texmf-dist/tex/latex/pst-tree/pst-tree.sty
Package: pst-tree 2009/01/25 package wrapper for pst-tree.tex

(/usr/share/texlive/texmf-dist/tex/generic/pst-tree/pst-tree.tex
 v1.12, 2011/02/28(tvz,dg,hv)
\pstree@rootbox=\box83
\pstree@box=\box84
\psnodecnt=\count206
\pstreelevel=\count207
\pstreecnt=\count208
\pstree@cnt=\count209
\pstree@stop=\count210
)
File: pst-tree.tex 2011/02/28 1.12 `pst-tree' (tvz,hv)
)
(/usr/share/texlive/texmf-dist/tex/latex/pst-plot/pst-plot.sty
Package: pst-plot 2011/06/05 v1.00 LaTeX wrapper for `pst-plot' (HV)

(/usr/share/texlive/texmf-dist/tex/latex/xkeyval/pst-xkey.sty
Package: pst-xkey 2005/11/25 v1.6 package wrapper for pst-xkey.tex (HA)
)
(/usr/share/texlive/texmf-dist/tex/latex/multido/multido.sty
Package: multido 2004/05/17 package wrapper for PSTricks `multido.tex', (HV/RN)


(/usr/share/texlive/texmf-dist/tex/generic/multido/multido.tex
 v1.42, 2010/05/14 <tvz>
\multido@count=\count211
\multidocount=\count212
\multido@stuff=\toks48
)
File: multido.tex 2010/05/14 v1.42 `multido' (tvz,hv)
)
Package: pst-plot 2011/04/13 package wrapper for pst-plot.tex (hv)

(/usr/share/texlive/texmf-dist/tex/generic/pst-plot/pst-plot.tex
 v1.58, 2014/01/16 (tvz,hv)
\pstRadUnit=\dimen220
\pstRadUnitInv=\dimen221
\pst@linecnt=\count213
\RCD@file=\read3
\psxlabelsep=\dimen222
\psylabelsep=\dimen223
\psk@subticksize=\dimen224
\pst@xticksizeA=\dimen225
\pst@xticksizeB=\dimen226
\pst@xticksizeC=\dimen227
\pst@yticksizeA=\dimen228
\pst@yticksizeB=\dimen229
\pst@yticksizeC=\dimen230
\@digitcounter=\count214
\psk@llx=\dimen231
\psk@lly=\dimen232
\psk@urx=\dimen233
Normal \dimen register pool exhausted, switching to extended pool.
\psk@ury=\dimen256
\pst@xunit=\dimen257
\pst@yunit=\dimen258
)
File: pst-plot.tex 2014/01/16 1.58 `pst-plot' (tvz,hv)
)
(/usr/share/texlive/texmf-dist/tex/latex/pst-3dplot/pst-3dplot.sty
(/usr/share/texlive/texmf-dist/tex/latex/pst-3d/pst-3d.sty
Package: pst-3d 2009/07/28 package wrapper for pst-3d.tex (hv)

(/usr/share/texlive/texmf-dist/tex/generic/pst-3d/pst-3d.tex
`PST-3d' v1.11, 2010/02/14 (tvz))
File: pst-3d.tex 2010/02/14 v1.11 `PST-3d' (hv)
)
Package: pst-3dplot 2010/01/01 package wrapper for pst-3dplot.tex (hv)

(/usr/share/texlive/texmf-dist/tex/generic/pst-3dplot/pst-3dplot.tex
(/usr/share/texlive/texmf-dist/tex/generic/pst-node/pst-node.tex)
(/usr/share/texlive/texmf-dist/tex/generic/multido/multido.tex
 v1.42, 2010/05/14 <tvz>) `PST-3dplot' v1.99, 2013/02/01 (HV,DL)
\pst@dimf=\dimen259
\pst@cntx=\count215
\pst@cnty=\count216
\pst@cntz=\count217
\pst@dimx=\dimen260
\pst@dimy=\dimen261
\pst@dimz=\dimen262
\pst@dx=\dimen263
\pst@dy=\dimen264
\pszunit=\dimen265
)
File: pst-3dplot.tex 2013/02/01 v1.99 `PST-3dplot' (hv)
)
(/usr/share/texlive/texmf-dist/tex/latex/base/alltt.sty
Package: alltt 1997/06/16 v2.0g defines alltt environment
) (./physicsnotes03.aux)
\openout1 = `physicsnotes03.aux'.

LaTeX Font Info:    Checking defaults for OML/cmm/m/it on input line 75.
LaTeX Font Info:    ... okay on input line 75.
LaTeX Font Info:    Checking defaults for T1/cmr/m/n on input line 75.
LaTeX Font Info:    ... okay on input line 75.
LaTeX Font Info:    Checking defaults for OT1/cmr/m/n on input line 75.
LaTeX Font Info:    ... okay on input line 75.
LaTeX Font Info:    Checking defaults for OMS/cmsy/m/n on input line 75.
LaTeX Font Info:    ... okay on input line 75.
LaTeX Font Info:    Checking defaults for OMX/cmex/m/n on input line 75.
LaTeX Font Info:    ... okay on input line 75.
LaTeX Font Info:    Checking defaults for U/cmr/m/n on input line 75.
LaTeX Font Info:    ... okay on input line 75.
LaTeX Font Info:    Checking defaults for PD1/pdf/m/n on input line 75.
LaTeX Font Info:    ... okay on input line 75.
*geometry* driver: auto-detecting
*geometry* detected driver: pdftex
*geometry* verbose mode - [ preamble ] result:
* driver: pdftex
* paper: custom
* layout: <same size as paper>
* layoutoffset:(h,v)=(0.0pt,0.0pt)
* modes: includehead includefoot 
* h-part:(L,W,R)=(28.45274pt, 307.28987pt, 28.45274pt)
* v-part:(T,H,B)=(0.0pt, 273.14662pt, 0.0pt)
* \paperwidth=364.19536pt
* \paperheight=273.14662pt
* \textwidth=307.28987pt
* \textheight=244.6939pt
* \oddsidemargin=-43.81725pt
* \evensidemargin=-43.81725pt
* \topmargin=-72.26999pt
* \headheight=14.22636pt
* \headsep=0.0pt
* \topskip=11.0pt
* \footskip=14.22636pt
* \marginparwidth=4.0pt
* \marginparsep=10.0pt
* \columnsep=10.0pt
* \skip\footins=10.0pt plus 4.0pt minus 2.0pt
* \hoffset=0.0pt
* \voffset=0.0pt
* \mag=1000
* \@twocolumnfalse
* \@twosidefalse
* \@mparswitchfalse
* \@reversemarginfalse
* (1in=72.27pt=25.4mm, 1cm=28.453pt)

(/usr/share/texlive/texmf-dist/tex/context/base/supp-pdf.mkii
[Loading MPS to PDF converter (version 2006.09.02).]
\scratchcounter=\count218
\scratchdimen=\dimen266
\scratchbox=\box85
\nofMPsegments=\count219
\nofMParguments=\count220
\everyMPshowfont=\toks49
\MPscratchCnt=\count221
\MPscratchDim=\dimen267
\MPnumerator=\count222
\makeMPintoPDFobject=\count223
\everyMPtoPDFconversion=\toks50
) (/usr/share/texlive/texmf-dist/tex/latex/oberdiek/epstopdf-base.sty
Package: epstopdf-base 2010/02/09 v2.5 Base part for package epstopdf

(/usr/share/texlive/texmf-dist/tex/latex/oberdiek/grfext.sty
Package: grfext 2010/08/19 v1.1 Manage graphics extensions (HO)
)
Package grfext Info: Graphics extension search list:
(grfext)             [.png,.pdf,.jpg,.mps,.jpeg,.jbig2,.jb2,.PNG,.PDF,.JPG,.JPE
G,.JBIG2,.JB2,.eps]
(grfext)             \AppendGraphicsExtensions on input line 452.

(/usr/share/texlive/texmf-dist/tex/latex/latexconfig/epstopdf-sys.cfg
File: epstopdf-sys.cfg 2010/07/13 v1.3 Configuration of (r)epstopdf for TeX Liv
e
))
ABD: EveryShipout initializing macros
\AtBeginShipoutBox=\box86
Package hyperref Info: Link coloring OFF on input line 75.

(/usr/share/texlive/texmf-dist/tex/latex/hyperref/nameref.sty
Package: nameref 2012/10/27 v2.43 Cross-referencing by name of section

(/usr/share/texlive/texmf-dist/tex/generic/oberdiek/gettitlestring.sty
Package: gettitlestring 2010/12/03 v1.4 Cleanup title references (HO)
)
\c@section@level=\count224
)
LaTeX Info: Redefining \ref on input line 75.
LaTeX Info: Redefining \pageref on input line 75.
LaTeX Info: Redefining \nameref on input line 75.

(./physicsnotes03.out) (./physicsnotes03.out)
\@outlinefile=\write6
\openout6 = `physicsnotes03.out'.

LaTeX Font Info:    Overwriting symbol font `operators' in version `normal'
(Font)                  OT1/cmr/m/n --> OT1/cmss/m/n on input line 75.
LaTeX Font Info:    Overwriting symbol font `operators' in version `bold'
(Font)                  OT1/cmr/bx/n --> OT1/cmss/bx/n on input line 75.
\symnumbers=\mathgroup6
\sympureletters=\mathgroup7
LaTeX Font Info:    Overwriting math alphabet `\mathrm' in version `normal'
(Font)                  OT1/cmss/m/n --> OT1/cmr/m/n on input line 75.
LaTeX Font Info:    Redeclaring math alphabet \mathbf on input line 75.
LaTeX Font Info:    Overwriting math alphabet `\mathbf' in version `normal'
(Font)                  OT1/cmr/bx/n --> OT1/cmss/bx/n on input line 75.
LaTeX Font Info:    Overwriting math alphabet `\mathbf' in version `bold'
(Font)                  OT1/cmr/bx/n --> OT1/cmss/bx/n on input line 75.
LaTeX Font Info:    Redeclaring math alphabet \mathsf on input line 75.
LaTeX Font Info:    Overwriting math alphabet `\mathsf' in version `normal'
(Font)                  OT1/cmss/m/n --> OT1/cmss/m/n on input line 75.
LaTeX Font Info:    Overwriting math alphabet `\mathsf' in version `bold'
(Font)                  OT1/cmss/bx/n --> OT1/cmss/m/n on input line 75.
LaTeX Font Info:    Redeclaring math alphabet \mathit on input line 75.
LaTeX Font Info:    Overwriting math alphabet `\mathit' in version `normal'
(Font)                  OT1/cmr/m/it --> OT1/cmss/m/it on input line 75.
LaTeX Font Info:    Overwriting math alphabet `\mathit' in version `bold'
(Font)                  OT1/cmr/bx/it --> OT1/cmss/m/it on input line 75.
LaTeX Font Info:    Redeclaring math alphabet \mathtt on input line 75.
LaTeX Font Info:    Overwriting math alphabet `\mathtt' in version `normal'
(Font)                  OT1/cmtt/m/n --> OT1/cmtt/m/n on input line 75.
LaTeX Font Info:    Overwriting math alphabet `\mathtt' in version `bold'
(Font)                  OT1/cmtt/m/n --> OT1/cmtt/m/n on input line 75.
LaTeX Font Info:    Overwriting symbol font `numbers' in version `bold'
(Font)                  OT1/cmss/m/n --> OT1/cmss/bx/n on input line 75.
LaTeX Font Info:    Overwriting symbol font `pureletters' in version `bold'
(Font)                  OT1/cmss/m/it --> OT1/cmss/bx/it on input line 75.
LaTeX Font Info:    Overwriting math alphabet `\mathrm' in version `bold'
(Font)                  OT1/cmss/bx/n --> OT1/cmr/bx/n on input line 75.
LaTeX Font Info:    Overwriting math alphabet `\mathbf' in version `bold'
(Font)                  OT1/cmss/bx/n --> OT1/cmss/bx/n on input line 75.
LaTeX Font Info:    Overwriting math alphabet `\mathsf' in version `bold'
(Font)                  OT1/cmss/m/n --> OT1/cmss/bx/n on input line 75.
LaTeX Font Info:    Overwriting math alphabet `\mathit' in version `bold'
(Font)                  OT1/cmss/m/it --> OT1/cmss/bx/it on input line 75.
LaTeX Font Info:    Overwriting math alphabet `\mathtt' in version `bold'
(Font)                  OT1/cmtt/m/n --> OT1/cmtt/bx/n on input line 75.

(/usr/share/texmf/tex/latex/beamer/base/translator/dicts/translator-basic-dicti
onary/translator-basic-dictionary-English.dict
Dictionary: translator-basic-dictionary, Language: English 
)
(/usr/share/texmf/tex/latex/beamer/base/translator/dicts/translator-bibliograph
y-dictionary/translator-bibliography-dictionary-English.dict
Dictionary: translator-bibliography-dictionary, Language: English 
)
(/usr/share/texmf/tex/latex/beamer/base/translator/dicts/translator-environment
-dictionary/translator-environment-dictionary-English.dict
Dictionary: translator-environment-dictionary, Language: English 
)
(/usr/share/texmf/tex/latex/beamer/base/translator/dicts/translator-months-dict
ionary/translator-months-dictionary-English.dict
Dictionary: translator-months-dictionary, Language: English 
)
(/usr/share/texmf/tex/latex/beamer/base/translator/dicts/translator-numbers-dic
tionary/translator-numbers-dictionary-English.dict
Dictionary: translator-numbers-dictionary, Language: English 
)
(/usr/share/texmf/tex/latex/beamer/base/translator/dicts/translator-theorem-dic
tionary/translator-theorem-dictionary-English.dict
Dictionary: translator-theorem-dictionary, Language: English 
)
LaTeX Info: Redefining \includegraphics on input line 75.
 (./physicsnotes03.nav)
\openout4 = `physicsnotes03.vrb'.


(./physicsnotes03.vrb)

LaTeX Font Warning: Font shape `OT1/cmss/m/n' in size <4> not available
(Font)              size <5> substituted on input line 80.

[1
Non-PDF special ignored!
Non-PDF special ignored!
Non-PDF special ignored!
Non-PDF special ignored!
Non-PDF special ignored!
Non-PDF special ignored!
Non-PDF special ignored!


Non-PDF special ignored!
Non-PDF special ignored!
Non-PDF special ignored!
Non-PDF special ignored!{/var/lib/texmf/fonts/map/pdftex/updmap/pdftex.map}]
\openout4 = `physicsnotes03.vrb'.


(./physicsnotes03.vrb
LaTeX Font Info:    Try loading font information for OMS+cmss on input line 5.
LaTeX Font Info:    No file OMScmss.fd. on input line 5.


LaTeX Font Warning: Font shape `OMS/cmss/m/n' undefined
(Font)              using `OMS/cmsy/m/n' instead
(Font)              for symbol `textbullet' on input line 5.

LaTeX Font Info:    Try loading font information for U+msa on input line 6.
(/usr/share/texlive/texmf-dist/tex/latex/amsfonts/umsa.fd
File: umsa.fd 2013/01/14 v3.01 AMS symbols A
)
LaTeX Font Info:    Try loading font information for U+msb on input line 6.

(/usr/share/texlive/texmf-dist/tex/latex/amsfonts/umsb.fd
File: umsb.fd 2013/01/14 v3.01 AMS symbols B
)) [2

]
\openout4 = `physicsnotes03.vrb'.


(./physicsnotes03.vrb
<Figures/lander01/lander_figure_01.png, id=35, 200.75pt x 200.75pt>
File: Figures/lander01/lander_figure_01.png Graphic file (type png)

<use Figures/lander01/lander_figure_01.png>
Package pdftex.def Info: Figures/lander01/lander_figure_01.png used on input li
ne 2.
(pdftex.def)             Requested size: 150.56212pt x 150.56212pt.
) [3

 <./Figures/lander01/lander_figure_01.png>]
\openout4 = `physicsnotes03.vrb'.

 (./physicsnotes03.vrb
<Figures/lander01/lander_figure_02.png, id=42, 200.75pt x 200.75pt>
File: Figures/lander01/lander_figure_02.png Graphic file (type png)

<use Figures/lander01/lander_figure_02.png>
Package pdftex.def Info: Figures/lander01/lander_figure_02.png used on input li
ne 2.
(pdftex.def)             Requested size: 150.56212pt x 150.56212pt.
) [4

 <./Figures/lander01/lander_figure_02.png>]
\openout4 = `physicsnotes03.vrb'.

 (./physicsnotes03.vrb
<Figures/lander01/lander_figure_03.png, id=49, 200.75pt x 200.75pt>
File: Figures/lander01/lander_figure_03.png Graphic file (type png)

<use Figures/lander01/lander_figure_03.png>
Package pdftex.def Info: Figures/lander01/lander_figure_03.png used on input li
ne 2.
(pdftex.def)             Requested size: 150.56212pt x 150.56212pt.
) [5

 <./Figures/lander01/lander_figure_03.png>]
\openout4 = `physicsnotes03.vrb'.

 (./physicsnotes03.vrb
<Figures/lander01/lander_figure_04.png, id=56, 200.75pt x 200.75pt>
File: Figures/lander01/lander_figure_04.png Graphic file (type png)

<use Figures/lander01/lander_figure_04.png>
Package pdftex.def Info: Figures/lander01/lander_figure_04.png used on input li
ne 2.
(pdftex.def)             Requested size: 150.56212pt x 150.56212pt.
) [6

 <./Figures/lander01/lander_figure_04.png>]
\openout4 = `physicsnotes03.vrb'.

 (./physicsnotes03.vrb
<Figures/lander01/lander_figure_05.png, id=63, 200.75pt x 200.75pt>
File: Figures/lander01/lander_figure_05.png Graphic file (type png)

<use Figures/lander01/lander_figure_05.png>
Package pdftex.def Info: Figures/lander01/lander_figure_05.png used on input li
ne 3.
(pdftex.def)             Requested size: 150.56212pt x 150.56212pt.

Overfull \hbox (1.91719pt too wide) in paragraph at lines 3--4
[][]  
 []


Overfull \hbox (3.52777pt too wide) in alignment at lines 7--15
 [][][] []
 []

) [7

 <./Figures/lander01/lander_figure_05.png>]
\openout4 = `physicsnotes03.vrb'.

 (./physicsnotes03.vrb
<Figures/lander01/lander_figure_06.png, id=73, 200.75pt x 200.75pt>
File: Figures/lander01/lander_figure_06.png Graphic file (type png)

<use Figures/lander01/lander_figure_06.png>
Package pdftex.def Info: Figures/lander01/lander_figure_06.png used on input li
ne 2.
(pdftex.def)             Requested size: 150.56212pt x 150.56212pt.
) [8

 <./Figures/lander01/lander_figure_06.png>]
\openout4 = `physicsnotes03.vrb'.

 (./physicsnotes03.vrb
<Figures/lander01/lander_figure_07.png, id=80, 200.75pt x 200.75pt>
File: Figures/lander01/lander_figure_07.png Graphic file (type png)

<use Figures/lander01/lander_figure_07.png>
Package pdftex.def Info: Figures/lander01/lander_figure_07.png used on input li
ne 2.
(pdftex.def)             Requested size: 150.56212pt x 150.56212pt.
) [9

 <./Figures/lander01/lander_figure_07.png>]
\openout4 = `physicsnotes03.vrb'.

 (./physicsnotes03.vrb
<Figures/lander02/lander_figure_01.png, id=87, 200.75pt x 266.9975pt>
File: Figures/lander02/lander_figure_01.png Graphic file (type png)

<use Figures/lander02/lander_figure_01.png>
Package pdftex.def Info: Figures/lander02/lander_figure_01.png used on input li
ne 2.
(pdftex.def)             Requested size: 150.56212pt x 200.24762pt.

<Figures/lander02/lander_figure_02.png, id=88, 200.75pt x 212.795pt>
File: Figures/lander02/lander_figure_02.png Graphic file (type png)

<use Figures/lander02/lander_figure_02.png>
Package pdftex.def Info: Figures/lander02/lander_figure_02.png used on input li
ne 4.
(pdftex.def)             Requested size: 150.56212pt x 159.59584pt.
) [10

 <./Figures/lander02/lander_figure_01.png> <./Figures/lander02/lander_figure_02
.png>]
\openout4 = `physicsnotes03.vrb'.

 (./physicsnotes03.vrb
<Figures/lander02/lander_figure_03.png, id=96, 200.75pt x 202.7575pt>
File: Figures/lander02/lander_figure_03.png Graphic file (type png)

<use Figures/lander02/lander_figure_03.png>
Package pdftex.def Info: Figures/lander02/lander_figure_03.png used on input li
ne 2.
(pdftex.def)             Requested size: 150.56212pt x 152.06775pt.
) [11

 <./Figures/lander02/lander_figure_03.png>]
\openout4 = `physicsnotes03.vrb'.

 (./physicsnotes03.vrb
<Figures/lander02/lander_figure_04.png, id=103, 401.5pt x 244.915pt>
File: Figures/lander02/lander_figure_04.png Graphic file (type png)

<use Figures/lander02/lander_figure_04.png>
Package pdftex.def Info: Figures/lander02/lander_figure_04.png used on input li
ne 2.
(pdftex.def)             Requested size: 301.12425pt x 183.68578pt.
) [12

 <./Figures/lander02/lander_figure_04.png>]
\openout4 = `physicsnotes03.vrb'.

 (./physicsnotes03.vrb
<Figures/lander02/lander_figure_05.png, id=110, 200.75pt x 159.59625pt>
File: Figures/lander02/lander_figure_05.png Graphic file (type png)

<use Figures/lander02/lander_figure_05.png>
Package pdftex.def Info: Figures/lander02/lander_figure_05.png used on input li
ne 2.
(pdftex.def)             Requested size: 150.56212pt x 119.69687pt.
) [13

 <./Figures/lander02/lander_figure_05.png>]
\openout4 = `physicsnotes03.vrb'.

 (./physicsnotes03.vrb
<Figures/lander02/lander_figure_06.png, id=118, 200.75pt x 143.53625pt>
File: Figures/lander02/lander_figure_06.png Graphic file (type png)

<use Figures/lander02/lander_figure_06.png>
Package pdftex.def Info: Figures/lander02/lander_figure_06.png used on input li
ne 2.
(pdftex.def)             Requested size: 150.56212pt x 107.65192pt.
) [14

 <./Figures/lander02/lander_figure_06.png>]
\openout4 = `physicsnotes03.vrb'.

 (./physicsnotes03.vrb
<Figures/lander02/lander_figure_07.png, id=125, 200.75pt x 147.55125pt>
File: Figures/lander02/lander_figure_07.png Graphic file (type png)

<use Figures/lander02/lander_figure_07.png>
Package pdftex.def Info: Figures/lander02/lander_figure_07.png used on input li
ne 2.
(pdftex.def)             Requested size: 150.56212pt x 110.66315pt.
) [15

 <./Figures/lander02/lander_figure_07.png>]
\openout4 = `physicsnotes03.vrb'.

 (./physicsnotes03.vrb) [16

]
\openout4 = `physicsnotes03.vrb'.

 (./physicsnotes03.vrb
<Figures/bobic01/bobic_01.png, id=137, 200.75pt x 190.7125pt>
File: Figures/bobic01/bobic_01.png Graphic file (type png)

<use Figures/bobic01/bobic_01.png>
Package pdftex.def Info: Figures/bobic01/bobic_01.png used on input line 2.
(pdftex.def)             Requested size: 150.56212pt x 143.03401pt.
) [17

 <./Figures/bobic01/bobic_01.png>]
\openout4 = `physicsnotes03.vrb'.


(./physicsnotes03.vrb
<Figures/bobic01/bobic_02.png, id=144, 200.75pt x 190.7125pt>
File: Figures/bobic01/bobic_02.png Graphic file (type png)

<use Figures/bobic01/bobic_02.png>
Package pdftex.def Info: Figures/bobic01/bobic_02.png used on input line 2.
(pdftex.def)             Requested size: 150.56212pt x 143.03401pt.
) [18

 <./Figures/bobic01/bobic_02.png>]
\openout4 = `physicsnotes03.vrb'.


(./physicsnotes03.vrb
<Figures/bobic01/bobic_03.png, id=151, 200.75pt x 152.57pt>
File: Figures/bobic01/bobic_03.png Graphic file (type png)

<use Figures/bobic01/bobic_03.png>
Package pdftex.def Info: Figures/bobic01/bobic_03.png used on input line 2.
(pdftex.def)             Requested size: 150.56212pt x 114.42722pt.
) [19

 <./Figures/bobic01/bobic_03.png>]
\openout4 = `physicsnotes03.vrb'.


(./physicsnotes03.vrb
<Figures/bobic01/bobic_04.png, id=159, 321.2pt x 176.66pt>
File: Figures/bobic01/bobic_04.png Graphic file (type png)

<use Figures/bobic01/bobic_04.png>
Package pdftex.def Info: Figures/bobic01/bobic_04.png used on input line 2.
(pdftex.def)             Requested size: 240.89941pt x 132.49466pt.
) [20

 <./Figures/bobic01/bobic_04.png>]
\openout4 = `physicsnotes03.vrb'.


(./physicsnotes03.vrb
<Figures/bobic01/bobic_05.png, id=166, 329.23pt x 200.75pt>
File: Figures/bobic01/bobic_05.png Graphic file (type png)

<use Figures/bobic01/bobic_05.png>
Package pdftex.def Info: Figures/bobic01/bobic_05.png used on input line 2.
(pdftex.def)             Requested size: 246.92189pt x 150.56212pt.
) [21

 <./Figures/bobic01/bobic_05.png>]
\openout4 = `physicsnotes03.vrb'.


(./physicsnotes03.vrb
<Figures/bobic01/bobic_06.png, id=173, 321.2pt x 150.5625pt>
File: Figures/bobic01/bobic_06.png Graphic file (type png)

<use Figures/bobic01/bobic_06.png>
Package pdftex.def Info: Figures/bobic01/bobic_06.png used on input line 2.
(pdftex.def)             Requested size: 240.89941pt x 112.92159pt.
) [22

 <./Figures/bobic01/bobic_06.png>]
\openout4 = `physicsnotes03.vrb'.


(./physicsnotes03.vrb
<Figures/bobic01/bobic_07.png, id=180, 410.53375pt x 150.5625pt>
File: Figures/bobic01/bobic_07.png Graphic file (type png)

<use Figures/bobic01/bobic_07.png>
Package pdftex.def Info: Figures/bobic01/bobic_07.png used on input line 2.
(pdftex.def)             Requested size: 307.89955pt x 112.92159pt.

Overfull \hbox (0.60968pt too wide) in paragraph at lines 2--4
[][][]  
 []

) [23

 <./Figures/bobic01/bobic_07.png>]
\openout4 = `physicsnotes03.vrb'.

 (./physicsnotes03.vrb
<Figures/bobic01/bobic_08.png, id=187, 309.155pt x 210.7875pt>
File: Figures/bobic01/bobic_08.png Graphic file (type png)

<use Figures/bobic01/bobic_08.png>
Package pdftex.def Info: Figures/bobic01/bobic_08.png used on input line 2.
(pdftex.def)             Requested size: 231.86568pt x 158.09024pt.
) [24

 <./Figures/bobic01/bobic_08.png>]
\openout4 = `physicsnotes03.vrb'.


(./physicsnotes03.vrb
<Figures/bobic01/bobic_09.png, id=195, 321.2pt x 181.67876pt>
File: Figures/bobic01/bobic_09.png Graphic file (type png)

<use Figures/bobic01/bobic_09.png>
Package pdftex.def Info: Figures/bobic01/bobic_09.png used on input line 2.
(pdftex.def)             Requested size: 240.89941pt x 136.25871pt.
) [25

 <./Figures/bobic01/bobic_09.png>]
\openout4 = `physicsnotes03.vrb'.


(./physicsnotes03.vrb <IGD/MinkowskiSum01.png, id=203, 413.545pt x 96.36pt>
File: IGD/MinkowskiSum01.png Graphic file (type png)

<use IGD/MinkowskiSum01.png>
Package pdftex.def Info: IGD/MinkowskiSum01.png used on input line 4.
(pdftex.def)             Requested size: 310.15797pt x 72.2698pt.

Overfull \hbox (2.8681pt too wide) in paragraph at lines 4--5
[][]  
 []

<IGD/MinkowskiSum02.png, id=204, 348.30125pt x 132.495pt>
File: IGD/MinkowskiSum02.png Graphic file (type png)

<use IGD/MinkowskiSum02.png>
Package pdftex.def Info: IGD/MinkowskiSum02.png used on input line 12.
(pdftex.def)             Requested size: 261.2253pt x 99.37099pt.
) [26

 <./IGD/MinkowskiSum01.png> <./IGD/MinkowskiSum02.png>]
\openout4 = `physicsnotes03.vrb'.

 (./physicsnotes03.vrb) [27

]
\openout4 = `physicsnotes03.vrb'.

 (./physicsnotes03.vrb
<IGD/Partition.png, id=216, 289.08pt x 145.54375pt>
File: IGD/Partition.png Graphic file (type png)
 <use IGD/Partition.png>
Package pdftex.def Info: IGD/Partition.png used on input line 2.
(pdftex.def)             Requested size: 289.07928pt x 145.54338pt.
)
[28

 <./IGD/Partition.png>]
\openout4 = `physicsnotes03.vrb'.

 (./physicsnotes03.vrb
<IGD/SweepAndPrune.png, id=223, 213.79875pt x 162.6075pt>
File: IGD/SweepAndPrune.png Graphic file (type png)

<use IGD/SweepAndPrune.png>
Package pdftex.def Info: IGD/SweepAndPrune.png used on input line 2.
(pdftex.def)             Requested size: 213.79822pt x 162.6071pt.
) [29

 <./IGD/SweepAndPrune.png>]
\openout4 = `physicsnotes03.vrb'.


(./physicsnotes03.vrb) [30

]
\tf@nav=\write7
\openout7 = `physicsnotes03.nav'.

\tf@toc=\write8
\openout8 = `physicsnotes03.toc'.

\tf@snm=\write9
\openout9 = `physicsnotes03.snm'.

Package atveryend Info: Empty hook `BeforeClearDocument' on input line 253.
Package atveryend Info: Empty hook `AfterLastShipout' on input line 253.
 (./physicsnotes03.aux)
Package atveryend Info: Executing hook `AtVeryEndDocument' on input line 253.
Package atveryend Info: Executing hook `AtEndAfterFileList' on input line 253.
Package rerunfilecheck Info: File `physicsnotes03.out' has not changed.
(rerunfilecheck)             Checksum: D41D8CD98F00B204E9800998ECF8427E;0.


LaTeX Font Warning: Size substitutions with differences
(Font)              up to 1.0pt have occurred.


LaTeX Font Warning: Some font shapes were not available, defaults substituted.

Package atveryend Info: Empty hook `AtVeryVeryEnd' on input line 253.
 ) 
Here is how much of TeX's memory you used:
 20817 strings out of 495028
 370731 string characters out of 6181497
 526326 words of memory out of 5000000
 23375 multiletter control sequences out of 15000+600000
 12363 words of font info for 47 fonts, out of 8000000 for 9000
 14 hyphenation exceptions out of 8191
 49i,15n,53p,566b,500s stack positions out of 5000i,500n,10000p,200000b,80000s
</usr/share/texlive/texmf-dist/fonts/type1/public/amsfonts/cm/cmex10.pfb></us
r/share/texlive/texmf-dist/fonts/type1/public/amsfonts/cm/cmss10.pfb></usr/shar
e/texlive/texmf-dist/fonts/type1/public/amsfonts/cm/cmss12.pfb></usr/share/texl
ive/texmf-dist/fonts/type1/public/amsfonts/cm/cmss8.pfb></usr/share/texlive/tex
mf-dist/fonts/type1/public/amsfonts/cm/cmssi10.pfb></usr/share/texlive/texmf-di
st/fonts/type1/public/amsfonts/cm/cmssi12.pfb></usr/share/texlive/texmf-dist/fo
nts/type1/public/amsfonts/cm/cmssi8.pfb></usr/share/texlive/texmf-dist/fonts/ty
pe1/public/amsfonts/cm/cmsy10.pfb></usr/share/texlive/texmf-dist/fonts/type1/pu
blic/amsfonts/cm/cmtt10.pfb></usr/share/texlive/texmf-dist/fonts/type1/public/a
msfonts/cm/cmtt8.pfb>
Output written on physicsnotes03.pdf (30 pages, 378940 bytes).
PDF statistics:
 285 PDF objects out of 1000 (max. 8388607)
 181 compressed objects within 2 object streams
 61 named destinations out of 1000 (max. 500000)
 172 words of extra memory for PDF output out of 10000 (max. 10000000)

